<?xml version="1.0" encoding="UTF-8"?>
<!-- Generated by org.testng.reporters.JUnitReportReporter -->
<testsuite skipped="0" hostname="DESKTOP-987SG1D" name="com.wordpress.qa.testcases.HomePageTest" tests="1" failures="0" timestamp="2020-07-23T11:59:13 IST" time="41.870" errors="0">
  <testcase name="wishlistTest" time="41.870" classname="com.wordpress.qa.testcases.HomePageTest"/>
  <system-out/>
</testsuite> <!-- com.wordpress.qa.testcases.HomePageTest -->
