<?xml version="1.0" encoding="UTF-8"?>
<!-- Generated by org.testng.reporters.JUnitReportReporter -->
<testsuite skipped="0" hostname="DESKTOP-987SG1D" name="com.wordpress.qa.testcases.AccountNewCreatTest" tests="1" failures="0" timestamp="2020-07-24T21:42:06 IST" time="26.477" errors="0">
  <testcase name="wishlistTest" time="26.477" classname="com.wordpress.qa.testcases.AccountNewCreatTest"/>
  <system-out/>
</testsuite> <!-- com.wordpress.qa.testcases.AccountNewCreatTest -->
