<?xml version="1.0" encoding="UTF-8"?>
<!-- Generated by org.testng.reporters.JUnitReportReporter -->
<testsuite skipped="0" hostname="DESKTOP-987SG1D" name="com.wordpress.qa.testcases.IndexPageTest" tests="2" failures="0" timestamp="2020-07-24T21:42:06 IST" time="44.512" errors="0">
  <testcase name="verifilogo" time="22.413" classname="com.wordpress.qa.testcases.IndexPageTest"/>
  <system-out/>
  <testcase name="verifieTital" time="22.099" classname="com.wordpress.qa.testcases.IndexPageTest"/>
  <system-out/>
</testsuite> <!-- com.wordpress.qa.testcases.IndexPageTest -->
